<?xml version="1.0" encoding="UTF-8"?>
<!-- Generated by org.testng.reporters.JUnitReportReporter -->
<testsuite hostname="DESKTOP-DCL6FDU" failures="0" tests="1" name="test.regression.BookFromSectionRestaurants" time="36.709" errors="0" timestamp="07 Dec 2018 17:26:05 GMT" skipped="0">
  <testcase classname="test.regression.BookFromSectionRestaurants" name="testBookFromSectionRestaurants" time="36.709"/>
</testsuite> <!-- test.regression.BookFromSectionRestaurants -->
