<?xml version="1.0" encoding="UTF-8"?>
<!-- Generated by org.testng.reporters.JUnitReportReporter -->
<testsuite hostname="DESKTOP-DCL6FDU" failures="0" tests="1" name="test.regression.MakeReservationFromPopularLocations" time="24.472" errors="0" timestamp="10 Dec 2018 15:03:21 GMT" skipped="0">
  <testcase classname="test.regression.MakeReservationFromPopularLocations" name="testMakeReservationFromPopularLocations" time="24.472"/>
</testsuite> <!-- test.regression.MakeReservationFromPopularLocations -->
