<?xml version="1.0" encoding="UTF-8"?>
<!-- Generated by org.testng.reporters.JUnitReportReporter -->
<testsuite hostname="DESKTOP-DCL6FDU" failures="0" tests="1" name="test.regression.NonExistentRestaurant" time="15.303" errors="0" timestamp="10 Dec 2018 14:21:49 GMT" skipped="0">
  <testcase classname="test.regression.NonExistentRestaurant" name="testNonExistentRestaurant" time="15.303"/>
</testsuite> <!-- test.regression.NonExistentRestaurant -->
