<?xml version="1.0" encoding="UTF-8"?>
<!-- Generated by org.testng.reporters.JUnitReportReporter -->
<testsuite hostname="DESKTOP-DCL6FDU" failures="0" tests="1" name="test_RegressionTests.CreateAccountFillFields" time="28.105" errors="0" timestamp="07 Dec 2018 15:08:41 GMT" skipped="0">
  <testcase classname="test_RegressionTests.CreateAccountFillFields" name="testCreateAccountFillField" time="28.105"/>
</testsuite> <!-- test_RegressionTests.CreateAccountFillFields -->
