<?xml version="1.0" encoding="UTF-8"?>
<!-- Generated by org.testng.reporters.JUnitReportReporter -->
<testsuite hostname="DESKTOP-DCL6FDU" failures="0" tests="1" name="test.regression.NonExistentRestaurant" time="17.964" errors="0" timestamp="15 Dec 2018 17:56:25 GMT" skipped="0">
  <testcase classname="test.regression.NonExistentRestaurant" name="testNonExistentRestaurant" time="17.964"/>
</testsuite> <!-- test.regression.NonExistentRestaurant -->
