<?xml version="1.0" encoding="UTF-8"?>
<!-- Generated by org.testng.reporters.JUnitReportReporter -->
<testsuite hostname="DESKTOP-DCL6FDU" failures="0" tests="1" name="test.regression.CreateAccountFillFields" time="9.982" errors="0" timestamp="07 Dec 2018 19:04:48 GMT" skipped="0">
  <testcase classname="test.regression.CreateAccountFillFields" name="testCreateAccountFillField" time="9.982"/>
</testsuite> <!-- test.regression.CreateAccountFillFields -->
