<?xml version="1.0" encoding="UTF-8"?>
<!-- Generated by org.testng.reporters.JUnitReportReporter -->
<testsuite hostname="DESKTOP-DCL6FDU" failures="0" tests="1" name="test.regression.CreateAccountFillFields" time="12.956" errors="0" timestamp="15 Dec 2018 16:34:15 GMT" skipped="0">
  <testcase classname="test.regression.CreateAccountFillFields" name="testCreateAccountFillField" time="12.956"/>
</testsuite> <!-- test.regression.CreateAccountFillFields -->
