<?xml version="1.0" encoding="UTF-8"?>
<!-- Generated by org.testng.reporters.JUnitReportReporter -->
<testsuite hostname="DESKTOP-DCL6FDU" failures="0" tests="1" name="test.smoke.SmokeTest" time="27.421" errors="0" timestamp="15 Dec 2018 18:05:27 GMT" skipped="0">
  <testcase classname="test.smoke.SmokeTest" name="testMakeFreeReservation" time="27.421"/>
</testsuite> <!-- test.smoke.SmokeTest -->
