<?xml version="1.0" encoding="UTF-8"?>
<!-- Generated by org.testng.reporters.JUnitReportReporter -->
<testsuite hostname="DESKTOP-DCL6FDU" failures="0" tests="1" name="adminPanel.AddLocation" time="11.387" errors="0" timestamp="26 Dec 2018 15:38:05 GMT" skipped="0">
  <testcase classname="adminPanel.AddLocation" name="testAddRestaurant" time="11.387"/>
</testsuite> <!-- adminPanel.AddLocation -->
