<?xml version="1.0" encoding="UTF-8"?>
<!-- Generated by org.testng.reporters.JUnitReportReporter -->
<testsuite hostname="DESKTOP-DCL6FDU" failures="0" tests="1" name="test.regression.CreateAccountFillFields" time="11.591" errors="0" timestamp="10 Dec 2018 15:52:31 GMT" skipped="0">
  <testcase classname="test.regression.CreateAccountFillFields" name="testCreateAccountFillField" time="11.591"/>
</testsuite> <!-- test.regression.CreateAccountFillFields -->
