<?xml version="1.0" encoding="UTF-8"?>
<!-- Generated by org.testng.reporters.JUnitReportReporter -->
<testsuite hostname="DESKTOP-DCL6FDU" failures="0" tests="1" name="test.regression.MakeReservationInvalidData" time="16.224" errors="0" timestamp="15 Dec 2018 17:35:23 GMT" skipped="0">
  <testcase classname="test.regression.MakeReservationInvalidData" name="testMakeReservationInvalidData" time="16.224"/>
</testsuite> <!-- test.regression.MakeReservationInvalidData -->
