<?xml version="1.0" encoding="UTF-8"?>
<!-- Generated by org.testng.reporters.JUnitReportReporter -->
<testsuite hostname="DESKTOP-DCL6FDU" failures="0" tests="1" name="test.SmokeTest" time="25.776" errors="0" timestamp="05 Dec 2018 13:28:19 GMT" skipped="0">
  <testcase classname="test.SmokeTest" name="testMakeFreeReservation" time="25.776"/>
</testsuite> <!-- test.SmokeTest -->
