<?xml version="1.0" encoding="UTF-8"?>
<!-- Generated by org.testng.reporters.JUnitReportReporter -->
<testsuite hostname="DESKTOP-DCL6FDU" failures="0" tests="1" name="test.regression.CreateAccountInvalidInput$CreateAccountFillFields" time="10.862" errors="0" timestamp="15 Dec 2018 16:49:16 GMT" skipped="0">
  <testcase classname="test.regression.CreateAccountInvalidInput$CreateAccountFillFields" name="testCreateAccountInvalidInput" time="10.862"/>
</testsuite> <!-- test.regression.CreateAccountInvalidInput$CreateAccountFillFields -->
