<?xml version="1.0" encoding="UTF-8"?>
<!-- Generated by org.testng.reporters.JUnitReportReporter -->
<testsuite hostname="DESKTOP-DCL6FDU" failures="0" tests="1" name="test_RegressionTests.LoginInvalidInput" time="7.904" errors="0" timestamp="06 Dec 2018 19:37:45 GMT" skipped="0">
  <testcase classname="test_RegressionTests.LoginInvalidInput" name="testLoginInvalidInput" time="7.904"/>
</testsuite> <!-- test_RegressionTests.LoginInvalidInput -->
