<?xml version="1.0" encoding="UTF-8"?>
<!-- Generated by org.testng.reporters.JUnitReportReporter -->
<testsuite hostname="DESKTOP-DCL6FDU" failures="0" tests="1" name="test_RegressionTests.CreateAccountInvalidInput$CreateAccountFillFields" time="61.230" errors="0" timestamp="07 Dec 2018 15:10:35 GMT" skipped="0">
  <testcase classname="test_RegressionTests.CreateAccountInvalidInput$CreateAccountFillFields" name="testCreateAccountInvalidInput" time="61.230"/>
</testsuite> <!-- test_RegressionTests.CreateAccountInvalidInput$CreateAccountFillFields -->
