<?xml version="1.0" encoding="UTF-8"?>
<!-- Generated by org.testng.reporters.JUnitReportReporter -->
<testsuite hostname="DESKTOP-DCL6FDU" failures="0" tests="1" name="test.regression.CreateAccountFillFields" time="20.158" errors="0" timestamp="08 Dec 2018 17:08:58 GMT" skipped="0">
  <testcase classname="test.regression.CreateAccountFillFields" name="testCreateAccountFillField" time="20.158"/>
</testsuite> <!-- test.regression.CreateAccountFillFields -->
