<?xml version="1.0" encoding="UTF-8"?>
<!-- Generated by org.testng.reporters.JUnitReportReporter -->
<testsuite hostname="DESKTOP-DCL6FDU" failures="0" tests="1" name="test.smoke.SmokeTest" time="23.533" errors="0" timestamp="10 Dec 2018 18:58:10 GMT" skipped="0">
  <testcase classname="test.smoke.SmokeTest" name="testMakeFreeReservation" time="23.533"/>
</testsuite> <!-- test.smoke.SmokeTest -->
