<?xml version="1.0" encoding="UTF-8"?>
<!-- Generated by org.testng.reporters.JUnitReportReporter -->
<testsuite hostname="DESKTOP-DCL6FDU" failures="0" tests="1" name="test.regression.MakeReservationNoInputData" time="13.288" errors="0" timestamp="15 Dec 2018 17:39:56 GMT" skipped="0">
  <testcase classname="test.regression.MakeReservationNoInputData" name="testMakeReservationNoInputData" time="13.288"/>
</testsuite> <!-- test.regression.MakeReservationNoInputData -->
