<?xml version="1.0" encoding="UTF-8"?>
<!-- Generated by org.testng.reporters.JUnitReportReporter -->
<testsuite hostname="DESKTOP-DCL6FDU" failures="0" tests="1" name="test.regression.BookFromSectionRestaurants" time="34.481" errors="0" timestamp="10 Dec 2018 15:09:21 GMT" skipped="0">
  <testcase classname="test.regression.BookFromSectionRestaurants" name="testBookFromSectionRestaurants" time="34.481"/>
</testsuite> <!-- test.regression.BookFromSectionRestaurants -->
