<?xml version="1.0" encoding="UTF-8"?>
<!-- Generated by org.testng.reporters.JUnitReportReporter -->
<testsuite hostname="DESKTOP-DCL6FDU" failures="0" tests="1" name="test.regression.NonExistentRestaurant" time="16.617" errors="0" timestamp="15 Dec 2018 18:21:39 GMT" skipped="0">
  <testcase classname="test.regression.NonExistentRestaurant" name="testNonExistentRestaurant" time="16.617"/>
</testsuite> <!-- test.regression.NonExistentRestaurant -->
