<?xml version="1.0" encoding="UTF-8"?>
<!-- Generated by org.testng.reporters.JUnitReportReporter -->
<testsuite hostname="DESKTOP-DCL6FDU" failures="0" tests="1" name="adminPanel.AddRestaurant" time="19.044" errors="0" timestamp="24 Dec 2018 18:52:17 GMT" skipped="0">
  <testcase classname="adminPanel.AddRestaurant" name="testAddRestaurant" time="19.044"/>
</testsuite> <!-- adminPanel.AddRestaurant -->
