<?xml version="1.0" encoding="UTF-8"?>
<!-- Generated by org.testng.reporters.JUnitReportReporter -->
<testsuite hostname="DESKTOP-DCL6FDU" failures="0" tests="1" name="model.Admin" time="19.753" errors="0" timestamp="23 Dec 2018 16:38:44 GMT" skipped="0">
  <testcase classname="model.Admin" name="testAddRestaurant" time="19.753"/>
</testsuite> <!-- model.Admin -->
