<?xml version="1.0" encoding="UTF-8"?>
<!-- Generated by org.testng.reporters.JUnitReportReporter -->
<testsuite hostname="DESKTOP-DCL6FDU" failures="0" tests="1" name="test.regression.CreateAccountInvalidInput$CreateAccountFillFields" time="10.049" errors="0" timestamp="10 Dec 2018 18:14:31 GMT" skipped="0">
  <testcase classname="test.regression.CreateAccountInvalidInput$CreateAccountFillFields" name="testCreateAccountInvalidInput" time="10.049"/>
</testsuite> <!-- test.regression.CreateAccountInvalidInput$CreateAccountFillFields -->
