<?xml version="1.0" encoding="UTF-8"?>
<!-- Generated by org.testng.reporters.JUnitReportReporter -->
<testsuite hostname="DESKTOP-DCL6FDU" failures="0" tests="1" name="test.regression.MakeReservationFromPopularLocations" time="28.779" errors="0" timestamp="15 Dec 2018 17:20:19 GMT" skipped="0">
  <testcase classname="test.regression.MakeReservationFromPopularLocations" name="testMakeReservationFromPopularLocations" time="28.779"/>
</testsuite> <!-- test.regression.MakeReservationFromPopularLocations -->
