<?xml version="1.0" encoding="UTF-8"?>
<!-- Generated by org.testng.reporters.JUnitReportReporter -->
<testsuite hostname="DESKTOP-DCL6FDU" failures="0" tests="1" name="test.regression.LoginInvalidInput" time="8.101" errors="0" timestamp="15 Dec 2018 17:05:28 GMT" skipped="0">
  <testcase classname="test.regression.LoginInvalidInput" name="testLoginInvalidInput" time="8.101"/>
</testsuite> <!-- test.regression.LoginInvalidInput -->
