<?xml version="1.0" encoding="UTF-8"?>
<!-- Generated by org.testng.reporters.JUnitReportReporter -->
<testsuite hostname="DESKTOP-DCL6FDU" failures="0" tests="1" name="adminPanel.AddCategory" time="12.871" errors="0" timestamp="26 Dec 2018 17:02:42 GMT" skipped="0">
  <testcase classname="adminPanel.AddCategory" name="testAddRestaurant" time="12.871"/>
</testsuite> <!-- adminPanel.AddCategory -->
